{"C:\\Users\\Ritik sharma\\OneDrive\\Desktop\\ReactApp\\src\\components\\Header.js": {"path":"C:\\Users\\Ritik sharma\\OneDrive\\Desktop\\ReactApp\\src\\components\\Header.js","statementMap":{"0":{"start":{"line":10,"column":15},"end":{"line":64,"column":1}},"1":{"start":{"line":11,"column":43},"end":{"line":11,"column":60}},"2":{"start":{"line":13,"column":24},"end":{"line":13,"column":41}},"3":{"start":{"line":14,"column":25},"end":{"line":14,"column":48}},"4":{"start":{"line":17,"column":21},"end":{"line":18,"column":25}},"5":{"start":{"line":18,"column":8},"end":{"line":18,"column":24}},"6":{"start":{"line":21,"column":4},"end":{"line":63,"column":5}},"7":{"start":{"line":48,"column":24},"end":{"line":49,"column":49}}},"fnMap":{"0":{"name":"(anonymous_0)","decl":{"start":{"line":10,"column":15},"end":{"line":10,"column":16}},"loc":{"start":{"line":10,"column":20},"end":{"line":64,"column":1}},"line":10},"1":{"name":"(anonymous_1)","decl":{"start":{"line":17,"column":33},"end":{"line":17,"column":34}},"loc":{"start":{"line":18,"column":8},"end":{"line":18,"column":24}},"line":18},"2":{"name":"(anonymous_2)","decl":{"start":{"line":47,"column":33},"end":{"line":47,"column":34}},"loc":{"start":{"line":47,"column":37},"end":{"line":51,"column":21}},"line":47}},"branchMap":{"0":{"loc":{"start":{"line":30,"column":80},"end":{"line":30,"column":105}},"type":"cond-expr","locations":[{"start":{"line":30,"column":95},"end":{"line":30,"column":99}},{"start":{"line":30,"column":101},"end":{"line":30,"column":105}}],"line":30},"1":{"loc":{"start":{"line":48,"column":24},"end":{"line":49,"column":48}},"type":"cond-expr","locations":[{"start":{"line":48,"column":49},"end":{"line":48,"column":74}},{"start":{"line":49,"column":24},"end":{"line":49,"column":48}}],"line":48}},"s":{"0":1,"1":2,"2":2,"3":2,"4":2,"5":4,"6":2,"7":0},"f":{"0":2,"1":4,"2":0},"b":{"0":[2,0],"1":[0,0]},"_coverageSchema":"1a1c01bbd47fc00a2c39e90264f33305004495a9","hash":"e80f309237b869bdb695edf9ccbdc1cae59d782c"}
,"C:\\Users\\Ritik sharma\\OneDrive\\Desktop\\ReactApp\\src\\components\\RestaurantMenu.js": {"path":"C:\\Users\\Ritik sharma\\OneDrive\\Desktop\\ReactApp\\src\\components\\RestaurantMenu.js","statementMap":{"0":{"start":{"line":7,"column":22},"end":{"line":66,"column":1}},"1":{"start":{"line":8,"column":18},"end":{"line":8,"column":29}},"2":{"start":{"line":10,"column":20},"end":{"line":10,"column":44}},"3":{"start":{"line":11,"column":35},"end":{"line":11,"column":49}},"4":{"start":{"line":13,"column":4},"end":{"line":13,"column":42}},"5":{"start":{"line":13,"column":25},"end":{"line":13,"column":42}},"6":{"start":{"line":20,"column":8},"end":{"line":20,"column":43}},"7":{"start":{"line":21,"column":25},"end":{"line":21,"column":64}},"8":{"start":{"line":22,"column":24},"end":{"line":22,"column":99}},"9":{"start":{"line":28,"column":8},"end":{"line":29,"column":75}},"10":{"start":{"line":28,"column":79},"end":{"line":29,"column":74}},"11":{"start":{"line":34,"column":4},"end":{"line":65,"column":6}},"12":{"start":{"line":55,"column":10},"end":{"line":60,"column":12}},"13":{"start":{"line":59,"column":30},"end":{"line":59,"column":49}}},"fnMap":{"0":{"name":"(anonymous_0)","decl":{"start":{"line":7,"column":22},"end":{"line":7,"column":23}},"loc":{"start":{"line":7,"column":26},"end":{"line":66,"column":1}},"line":7},"1":{"name":"(anonymous_1)","decl":{"start":{"line":28,"column":76},"end":{"line":28,"column":77}},"loc":{"start":{"line":28,"column":79},"end":{"line":29,"column":74}},"line":28},"2":{"name":"(anonymous_2)","decl":{"start":{"line":54,"column":26},"end":{"line":54,"column":27}},"loc":{"start":{"line":55,"column":10},"end":{"line":60,"column":12}},"line":55},"3":{"name":"(anonymous_3)","decl":{"start":{"line":59,"column":26},"end":{"line":59,"column":27}},"loc":{"start":{"line":59,"column":30},"end":{"line":59,"column":49}},"line":59}},"branchMap":{"0":{"loc":{"start":{"line":13,"column":4},"end":{"line":13,"column":42}},"type":"if","locations":[{"start":{"line":13,"column":4},"end":{"line":13,"column":42}},{"start":{},"end":{}}],"line":13},"1":{"loc":{"start":{"line":58,"column":23},"end":{"line":58,"column":54}},"type":"cond-expr","locations":[{"start":{"line":58,"column":43},"end":{"line":58,"column":47}},{"start":{"line":58,"column":49},"end":{"line":58,"column":54}}],"line":58}},"s":{"0":1,"1":3,"2":3,"3":3,"4":3,"5":1,"6":2,"7":2,"8":2,"9":2,"10":30,"11":2,"12":24,"13":1},"f":{"0":3,"1":30,"2":24,"3":1},"b":{"0":[1,2],"1":[1,23]},"_coverageSchema":"1a1c01bbd47fc00a2c39e90264f33305004495a9","hash":"d79e08026ae8daeb1f70d2dfa0f5e42e7fb63023"}
,"C:\\Users\\Ritik sharma\\OneDrive\\Desktop\\ReactApp\\src\\utils\\appStore.js": {"path":"C:\\Users\\Ritik sharma\\OneDrive\\Desktop\\ReactApp\\src\\utils\\appStore.js","statementMap":{"0":{"start":{"line":4,"column":16},"end":{"line":9,"column":2}}},"fnMap":{},"branchMap":{},"s":{"0":1},"f":{},"b":{},"_coverageSchema":"1a1c01bbd47fc00a2c39e90264f33305004495a9","hash":"cb2ab492f5e1aa7dfb90e99d8b77e80eb5ec1b1d"}
}
