{"C:\\Users\\Ritik sharma\\OneDrive\\Desktop\\ReactApp\\src\\components\\Body.js": {"path":"C:\\Users\\Ritik sharma\\OneDrive\\Desktop\\ReactApp\\src\\components\\Body.js","statementMap":{"0":{"start":{"line":8,"column":13},"end":{"line":109,"column":1}},"1":{"start":{"line":10,"column":52},"end":{"line":10,"column":64}},"2":{"start":{"line":11,"column":37},"end":{"line":11,"column":49}},"3":{"start":{"line":12,"column":56},"end":{"line":12,"column":68}},"4":{"start":{"line":14,"column":33},"end":{"line":14,"column":67}},"5":{"start":{"line":22,"column":2},"end":{"line":24,"column":8}},"6":{"start":{"line":23,"column":4},"end":{"line":23,"column":16}},"7":{"start":{"line":26,"column":19},"end":{"line":36,"column":5}},"8":{"start":{"line":27,"column":19},"end":{"line":29,"column":7}},"9":{"start":{"line":31,"column":19},"end":{"line":31,"column":36}},"10":{"start":{"line":33,"column":6},"end":{"line":33,"column":103}},"11":{"start":{"line":35,"column":4},"end":{"line":35,"column":103}},"12":{"start":{"line":37,"column":24},"end":{"line":37,"column":41}},"13":{"start":{"line":39,"column":4},"end":{"line":44,"column":7}},"14":{"start":{"line":40,"column":6},"end":{"line":44,"column":7}},"15":{"start":{"line":48,"column":5},"end":{"line":108,"column":6}},"16":{"start":{"line":60,"column":18},"end":{"line":60,"column":48}},"17":{"start":{"line":65,"column":18},"end":{"line":66,"column":83}},"18":{"start":{"line":66,"column":20},"end":{"line":66,"column":82}},"19":{"start":{"line":67,"column":18},"end":{"line":67,"column":61}},"20":{"start":{"line":77,"column":37},"end":{"line":79,"column":17}},"21":{"start":{"line":78,"column":25},"end":{"line":78,"column":47}},"22":{"start":{"line":80,"column":16},"end":{"line":80,"column":53}},"23":{"start":{"line":91,"column":18},"end":{"line":103,"column":25}}},"fnMap":{"0":{"name":"(anonymous_0)","decl":{"start":{"line":8,"column":13},"end":{"line":8,"column":14}},"loc":{"start":{"line":8,"column":17},"end":{"line":109,"column":1}},"line":8},"1":{"name":"(anonymous_1)","decl":{"start":{"line":22,"column":12},"end":{"line":22,"column":13}},"loc":{"start":{"line":22,"column":16},"end":{"line":24,"column":3}},"line":22},"2":{"name":"(anonymous_2)","decl":{"start":{"line":26,"column":19},"end":{"line":26,"column":20}},"loc":{"start":{"line":26,"column":29},"end":{"line":36,"column":5}},"line":26},"3":{"name":"(anonymous_3)","decl":{"start":{"line":59,"column":26},"end":{"line":59,"column":27}},"loc":{"start":{"line":59,"column":31},"end":{"line":61,"column":17}},"line":59},"4":{"name":"(anonymous_4)","decl":{"start":{"line":62,"column":101},"end":{"line":62,"column":102}},"loc":{"start":{"line":62,"column":105},"end":{"line":68,"column":17}},"line":62},"5":{"name":"(anonymous_5)","decl":{"start":{"line":65,"column":43},"end":{"line":65,"column":44}},"loc":{"start":{"line":66,"column":20},"end":{"line":66,"column":82}},"line":66},"6":{"name":"(anonymous_6)","decl":{"start":{"line":76,"column":23},"end":{"line":76,"column":24}},"loc":{"start":{"line":76,"column":27},"end":{"line":82,"column":15}},"line":76},"7":{"name":"(anonymous_7)","decl":{"start":{"line":78,"column":18},"end":{"line":78,"column":19}},"loc":{"start":{"line":78,"column":25},"end":{"line":78,"column":47}},"line":78},"8":{"name":"(anonymous_8)","decl":{"start":{"line":90,"column":40},"end":{"line":90,"column":41}},"loc":{"start":{"line":91,"column":18},"end":{"line":103,"column":25}},"line":91}},"branchMap":{"0":{"loc":{"start":{"line":39,"column":4},"end":{"line":44,"column":7}},"type":"if","locations":[{"start":{"line":39,"column":4},"end":{"line":44,"column":7}},{"start":{},"end":{}}],"line":39},"1":{"loc":{"start":{"line":48,"column":12},"end":{"line":108,"column":5}},"type":"cond-expr","locations":[{"start":{"line":49,"column":8},"end":{"line":49,"column":18}},{"start":{"line":51,"column":8},"end":{"line":107,"column":14}}],"line":48},"2":{"loc":{"start":{"line":96,"column":20},"end":{"line":100,"column":21}},"type":"cond-expr","locations":[{"start":{"line":97,"column":22},"end":{"line":97,"column":64}},{"start":{"line":99,"column":22},"end":{"line":99,"column":55}}],"line":96}},"s":{"0":1,"1":7,"2":7,"3":7,"4":7,"5":7,"6":2,"7":7,"8":2,"9":2,"10":2,"11":2,"12":7,"13":7,"14":0,"15":7,"16":1,"17":1,"18":20,"19":1,"20":1,"21":20,"22":1,"23":66},"f":{"0":7,"1":2,"2":2,"3":1,"4":1,"5":20,"6":1,"7":20,"8":66},"b":{"0":[0,7],"1":[2,5],"2":[16,50]},"_coverageSchema":"1a1c01bbd47fc00a2c39e90264f33305004495a9","hash":"7116207555e6d7a5edbff52992e72c8cc9551bdd"}
,"C:\\Users\\Ritik sharma\\OneDrive\\Desktop\\ReactApp\\src\\components\\Contact.js": {"path":"C:\\Users\\Ritik sharma\\OneDrive\\Desktop\\ReactApp\\src\\components\\Contact.js","statementMap":{"0":{"start":{"line":1,"column":14},"end":{"line":19,"column":1}},"1":{"start":{"line":2,"column":4},"end":{"line":18,"column":5}}},"fnMap":{"0":{"name":"(anonymous_0)","decl":{"start":{"line":1,"column":14},"end":{"line":1,"column":15}},"loc":{"start":{"line":1,"column":18},"end":{"line":19,"column":1}},"line":1}},"branchMap":{},"s":{"0":1,"1":4},"f":{"0":4},"b":{},"_coverageSchema":"1a1c01bbd47fc00a2c39e90264f33305004495a9","hash":"dce8cf9e98dbabc0c0d99967e4ba97eb2e695cc5"}
,"C:\\Users\\Ritik sharma\\OneDrive\\Desktop\\ReactApp\\src\\components\\ItemList.js": {"path":"C:\\Users\\Ritik sharma\\OneDrive\\Desktop\\ReactApp\\src\\components\\ItemList.js","statementMap":{"0":{"start":{"line":4,"column":16},"end":{"line":52,"column":1}},"1":{"start":{"line":6,"column":20},"end":{"line":6,"column":33}},"2":{"start":{"line":8,"column":24},"end":{"line":12,"column":5}},"3":{"start":{"line":10,"column":8},"end":{"line":10,"column":32}},"4":{"start":{"line":13,"column":4},"end":{"line":51,"column":5}},"5":{"start":{"line":16,"column":16},"end":{"line":43,"column":22}},"6":{"start":{"line":35,"column":38},"end":{"line":35,"column":57}}},"fnMap":{"0":{"name":"(anonymous_0)","decl":{"start":{"line":4,"column":16},"end":{"line":4,"column":17}},"loc":{"start":{"line":4,"column":27},"end":{"line":52,"column":1}},"line":4},"1":{"name":"(anonymous_1)","decl":{"start":{"line":8,"column":24},"end":{"line":8,"column":25}},"loc":{"start":{"line":8,"column":32},"end":{"line":12,"column":5}},"line":8},"2":{"name":"(anonymous_2)","decl":{"start":{"line":15,"column":23},"end":{"line":15,"column":24}},"loc":{"start":{"line":16,"column":16},"end":{"line":43,"column":22}},"line":16},"3":{"name":"(anonymous_3)","decl":{"start":{"line":35,"column":34},"end":{"line":35,"column":35}},"loc":{"start":{"line":35,"column":38},"end":{"line":35,"column":57}},"line":35}},"branchMap":{"0":{"loc":{"start":{"line":25,"column":36},"end":{"line":26,"column":64}},"type":"cond-expr","locations":[{"start":{"line":25,"column":59},"end":{"line":25,"column":84}},{"start":{"line":26,"column":33},"end":{"line":26,"column":64}}],"line":25}},"s":{"0":1,"1":1,"2":1,"3":0,"4":1,"5":10,"6":0},"f":{"0":1,"1":0,"2":10,"3":0},"b":{"0":[8,2]},"_coverageSchema":"1a1c01bbd47fc00a2c39e90264f33305004495a9","hash":"961a178a1ff74c81b2a31f4dad70e0aa3203ffde"}
,"C:\\Users\\Ritik sharma\\OneDrive\\Desktop\\ReactApp\\src\\components\\RestaurantCard.js": {"path":"C:\\Users\\Ritik sharma\\OneDrive\\Desktop\\ReactApp\\src\\components\\RestaurantCard.js","statementMap":{"0":{"start":{"line":3,"column":23},"end":{"line":36,"column":1}},"1":{"start":{"line":4,"column":20},"end":{"line":4,"column":25}},"2":{"start":{"line":14,"column":7},"end":{"line":14,"column":20}},"3":{"start":{"line":17,"column":7},"end":{"line":17,"column":25}},"4":{"start":{"line":19,"column":4},"end":{"line":35,"column":6}},"5":{"start":{"line":39,"column":33},"end":{"line":48,"column":1}},"6":{"start":{"line":40,"column":2},"end":{"line":47,"column":3}},"7":{"start":{"line":41,"column":4},"end":{"line":46,"column":5}}},"fnMap":{"0":{"name":"(anonymous_0)","decl":{"start":{"line":3,"column":23},"end":{"line":3,"column":24}},"loc":{"start":{"line":3,"column":33},"end":{"line":36,"column":1}},"line":3},"1":{"name":"(anonymous_1)","decl":{"start":{"line":39,"column":33},"end":{"line":39,"column":34}},"loc":{"start":{"line":39,"column":52},"end":{"line":48,"column":1}},"line":39},"2":{"name":"(anonymous_2)","decl":{"start":{"line":40,"column":9},"end":{"line":40,"column":10}},"loc":{"start":{"line":40,"column":18},"end":{"line":47,"column":3}},"line":40}},"branchMap":{},"s":{"0":3,"1":68,"2":68,"3":68,"4":68,"5":3,"6":7,"7":16},"f":{"0":68,"1":7,"2":16},"b":{},"_coverageSchema":"1a1c01bbd47fc00a2c39e90264f33305004495a9","hash":"abddee132678b4481e669989ac74f882aa6cedd8"}
,"C:\\Users\\Ritik sharma\\OneDrive\\Desktop\\ReactApp\\src\\components\\RestaurantMenu.js": {"path":"C:\\Users\\Ritik sharma\\OneDrive\\Desktop\\ReactApp\\src\\components\\RestaurantMenu.js","statementMap":{"0":{"start":{"line":7,"column":22},"end":{"line":66,"column":1}},"1":{"start":{"line":8,"column":18},"end":{"line":8,"column":29}},"2":{"start":{"line":10,"column":20},"end":{"line":10,"column":44}},"3":{"start":{"line":11,"column":35},"end":{"line":11,"column":49}},"4":{"start":{"line":13,"column":4},"end":{"line":13,"column":42}},"5":{"start":{"line":13,"column":25},"end":{"line":13,"column":42}},"6":{"start":{"line":20,"column":8},"end":{"line":20,"column":43}},"7":{"start":{"line":21,"column":25},"end":{"line":21,"column":64}},"8":{"start":{"line":22,"column":24},"end":{"line":22,"column":99}},"9":{"start":{"line":28,"column":8},"end":{"line":29,"column":75}},"10":{"start":{"line":28,"column":79},"end":{"line":29,"column":74}},"11":{"start":{"line":34,"column":4},"end":{"line":65,"column":6}},"12":{"start":{"line":55,"column":10},"end":{"line":60,"column":12}},"13":{"start":{"line":59,"column":30},"end":{"line":59,"column":49}}},"fnMap":{"0":{"name":"(anonymous_0)","decl":{"start":{"line":7,"column":22},"end":{"line":7,"column":23}},"loc":{"start":{"line":7,"column":26},"end":{"line":66,"column":1}},"line":7},"1":{"name":"(anonymous_1)","decl":{"start":{"line":28,"column":76},"end":{"line":28,"column":77}},"loc":{"start":{"line":28,"column":79},"end":{"line":29,"column":74}},"line":28},"2":{"name":"(anonymous_2)","decl":{"start":{"line":54,"column":26},"end":{"line":54,"column":27}},"loc":{"start":{"line":55,"column":10},"end":{"line":60,"column":12}},"line":55},"3":{"name":"(anonymous_3)","decl":{"start":{"line":59,"column":26},"end":{"line":59,"column":27}},"loc":{"start":{"line":59,"column":30},"end":{"line":59,"column":49}},"line":59}},"branchMap":{"0":{"loc":{"start":{"line":13,"column":4},"end":{"line":13,"column":42}},"type":"if","locations":[{"start":{"line":13,"column":4},"end":{"line":13,"column":42}},{"start":{},"end":{}}],"line":13},"1":{"loc":{"start":{"line":58,"column":23},"end":{"line":58,"column":54}},"type":"cond-expr","locations":[{"start":{"line":58,"column":43},"end":{"line":58,"column":47}},{"start":{"line":58,"column":49},"end":{"line":58,"column":54}}],"line":58}},"s":{"0":1,"1":3,"2":3,"3":3,"4":3,"5":1,"6":2,"7":2,"8":2,"9":2,"10":30,"11":2,"12":24,"13":1},"f":{"0":3,"1":30,"2":24,"3":1},"b":{"0":[1,2],"1":[1,23]},"_coverageSchema":"1a1c01bbd47fc00a2c39e90264f33305004495a9","hash":"d79e08026ae8daeb1f70d2dfa0f5e42e7fb63023"}
,"C:\\Users\\Ritik sharma\\OneDrive\\Desktop\\ReactApp\\src\\utils\\appStore.js": {"path":"C:\\Users\\Ritik sharma\\OneDrive\\Desktop\\ReactApp\\src\\utils\\appStore.js","statementMap":{"0":{"start":{"line":4,"column":16},"end":{"line":9,"column":2}}},"fnMap":{},"branchMap":{},"s":{"0":1},"f":{},"b":{},"_coverageSchema":"1a1c01bbd47fc00a2c39e90264f33305004495a9","hash":"cb2ab492f5e1aa7dfb90e99d8b77e80eb5ec1b1d"}
}
