TN:
SF:src\components\Body.js
FN:8,(anonymous_0)
FN:22,(anonymous_1)
FN:26,(anonymous_2)
FN:59,(anonymous_3)
FN:62,(anonymous_4)
FN:65,(anonymous_5)
FN:76,(anonymous_6)
FN:78,(anonymous_7)
FN:90,(anonymous_8)
FNF:9
FNH:7
FNDA:4,(anonymous_0)
FNDA:1,(anonymous_1)
FNDA:1,(anonymous_2)
FNDA:1,(anonymous_3)
FNDA:1,(anonymous_4)
FNDA:20,(anonymous_5)
FNDA:0,(anonymous_6)
FNDA:0,(anonymous_7)
FNDA:42,(anonymous_8)
DA:8,1
DA:10,4
DA:11,4
DA:12,4
DA:14,4
DA:17,4
DA:22,4
DA:23,1
DA:26,4
DA:27,1
DA:31,1
DA:33,1
DA:35,1
DA:37,4
DA:39,4
DA:40,0
DA:48,4
DA:60,1
DA:65,1
DA:66,20
DA:67,1
DA:77,0
DA:78,0
DA:80,0
DA:91,42
LF:25
LH:21
BRDA:39,0,0,0
BRDA:39,0,1,4
BRDA:48,1,0,1
BRDA:48,1,1,3
BRDA:96,2,0,8
BRDA:96,2,1,34
BRF:6
BRH:5
end_of_record
TN:
SF:src\components\RestaurantCard.js
FN:3,(anonymous_0)
FN:39,(anonymous_1)
FN:40,(anonymous_2)
FNF:3
FNH:3
FNDA:44,(anonymous_0)
FNDA:4,(anonymous_1)
FNDA:8,(anonymous_2)
DA:3,3
DA:4,44
DA:5,44
DA:14,44
DA:17,44
DA:19,44
DA:39,3
DA:40,4
DA:41,8
LF:9
LH:9
BRF:0
BRH:0
end_of_record
